<?xml version="1.0" encoding="UTF-8"?>
<testsuite name="APIAutomationRestAssured5X"
           tests="3"
           failures="0"
           errors="0"
           skipped="0"
           time="0.015">
    <properties></properties>



            <testcase
                name="t3"
                time="0.002"
                classname="learnrestassured.testng.TestNG006">
            </testcase>
            <testcase
                name="t1"
                time="0.001"
                classname="learnrestassured.testng.TestNG006">
            </testcase>
            <testcase
                name="t2"
                time="0.012"
                classname="learnrestassured.testng.TestNG006">
            </testcase>
</testsuite>
