<?xml version="1.0" encoding="UTF-8"?>
<testsuite name="APIAutomationRestAssured5X"
           tests="2"
           failures="0"
           errors="0"
           skipped="0"
           time="13.033">
    <properties></properties>



            <testcase
                name="testNonBDDStylePUTReq"
                time="3.772"
                classname="learnrestassured.testng.TestNG003">
            </testcase>
            <testcase
                name="getToken"
                time="9.261"
                classname="learnrestassured.testng.TestNG003">
            </testcase>
</testsuite>
